2024-05-10 07:47:58 INFO  TC_001_AccountRegistrationTest:16 - ***** Starting TC001_AccountRegistrationTest  ****
2024-05-10 07:47:59 INFO  TC_001_AccountRegistrationTest:23 - Clicked on MyAccount Link.. 
2024-05-10 07:47:59 INFO  TC_001_AccountRegistrationTest:25 - Clicked on Register Link.. 
2024-05-10 07:48:01 INFO  TC_001_AccountRegistrationTest:40 - Validating expected message..
2024-05-10 07:48:01 INFO  TC_001_AccountRegistrationTest:44 - Test passed
2024-05-10 07:48:01 INFO  TC_001_AccountRegistrationTest:53 - ***** Finished TC001_AccountRegistrationTest *****
2024-05-10 07:48:03 INFO  TC_001_AccountRegistrationTest:16 - ***** Starting TC001_AccountRegistrationTest  ****
2024-05-10 07:48:03 INFO  TC_001_AccountRegistrationTest:23 - Clicked on MyAccount Link.. 
2024-05-10 07:48:05 INFO  TC_001_AccountRegistrationTest:25 - Clicked on Register Link.. 
2024-05-10 07:48:06 INFO  TC_002_LoginTest:17 - **** Starting TC_002_LoginTest  ****
2024-05-10 07:48:06 INFO  TC_002_LoginTest:24 - clicked on myaccount link on the home page..
2024-05-10 07:48:06 INFO  TC_002_LoginTest:26 - clicked on login link under myaccount..
2024-05-10 07:48:06 INFO  TC_002_LoginTest:30 - Entering valid email and password..
2024-05-10 07:48:07 INFO  TC_001_AccountRegistrationTest:40 - Validating expected message..
2024-05-10 07:48:07 INFO  TC_001_AccountRegistrationTest:44 - Test passed
2024-05-10 07:48:07 INFO  TC_001_AccountRegistrationTest:53 - ***** Finished TC001_AccountRegistrationTest *****
2024-05-10 07:48:07 INFO  TC_002_LoginTest:34 - clicked on login button..
2024-05-10 07:48:07 INFO  TC_002_LoginTest:48 - **** Finished TC_002_LoginTest  ****
2024-05-10 07:48:14 INFO  TC_002_LoginTest:17 - **** Starting TC_002_LoginTest  ****
2024-05-10 07:48:15 INFO  TC_002_LoginTest:24 - clicked on myaccount link on the home page..
2024-05-10 07:48:15 INFO  TC_002_LoginTest:26 - clicked on login link under myaccount..
2024-05-10 07:48:15 INFO  TC_002_LoginTest:30 - Entering valid email and password..
2024-05-10 07:48:16 INFO  TC_002_LoginTest:34 - clicked on login button..
2024-05-10 07:48:16 INFO  TC_002_LoginTest:48 - **** Finished TC_002_LoginTest  ****
2024-05-10 07:59:43 INFO  TC_001_AccountRegistrationTest:16 - ***** Starting TC001_AccountRegistrationTest  ****
2024-05-10 07:59:43 INFO  TC_001_AccountRegistrationTest:23 - Clicked on MyAccount Link.. 
2024-05-10 07:59:44 INFO  TC_001_AccountRegistrationTest:25 - Clicked on Register Link.. 
2024-05-10 07:59:44 INFO  TC_001_AccountRegistrationTest:16 - ***** Starting TC001_AccountRegistrationTest  ****
2024-05-10 07:59:45 INFO  TC_001_AccountRegistrationTest:23 - Clicked on MyAccount Link.. 
2024-05-10 07:59:46 INFO  TC_001_AccountRegistrationTest:40 - Validating expected message..
2024-05-10 07:59:46 INFO  TC_001_AccountRegistrationTest:44 - Test passed
2024-05-10 07:59:46 INFO  TC_001_AccountRegistrationTest:53 - ***** Finished TC001_AccountRegistrationTest *****
2024-05-10 07:59:47 INFO  TC_001_AccountRegistrationTest:25 - Clicked on Register Link.. 
2024-05-10 07:59:48 INFO  TC_001_AccountRegistrationTest:40 - Validating expected message..
2024-05-10 07:59:48 INFO  TC_001_AccountRegistrationTest:44 - Test passed
2024-05-10 07:59:48 INFO  TC_001_AccountRegistrationTest:53 - ***** Finished TC001_AccountRegistrationTest *****
2024-05-10 07:59:55 INFO  TC_001_AccountRegistrationTest:16 - ***** Starting TC001_AccountRegistrationTest  ****
2024-05-10 07:59:55 INFO  TC_001_AccountRegistrationTest:23 - Clicked on MyAccount Link.. 
2024-05-10 07:59:59 INFO  TC_001_AccountRegistrationTest:25 - Clicked on Register Link.. 
2024-05-10 08:00:02 INFO  TC_001_AccountRegistrationTest:40 - Validating expected message..
2024-05-10 08:00:02 INFO  TC_001_AccountRegistrationTest:44 - Test passed
2024-05-10 08:00:02 INFO  TC_001_AccountRegistrationTest:53 - ***** Finished TC001_AccountRegistrationTest *****
2024-05-10 08:00:03 INFO  TC_002_LoginTest:17 - **** Starting TC_002_LoginTest  ****
2024-05-10 08:00:03 INFO  TC_002_LoginTest:24 - clicked on myaccount link on the home page..
2024-05-10 08:00:04 INFO  TC_002_LoginTest:17 - **** Starting TC_002_LoginTest  ****
2024-05-10 08:00:04 INFO  TC_002_LoginTest:24 - clicked on myaccount link on the home page..
2024-05-10 08:00:04 INFO  TC_002_LoginTest:26 - clicked on login link under myaccount..
2024-05-10 08:00:04 INFO  TC_002_LoginTest:30 - Entering valid email and password..
2024-05-10 08:00:05 INFO  TC_002_LoginTest:26 - clicked on login link under myaccount..
2024-05-10 08:00:05 INFO  TC_002_LoginTest:30 - Entering valid email and password..
2024-05-10 08:00:09 INFO  TC_002_LoginTest:34 - clicked on login button..
2024-05-10 08:00:09 INFO  TC_002_LoginTest:48 - **** Finished TC_002_LoginTest  ****
2024-05-10 08:00:10 INFO  TC_002_LoginTest:34 - clicked on login button..
2024-05-10 08:00:10 INFO  TC_002_LoginTest:48 - **** Finished TC_002_LoginTest  ****
2024-05-10 08:00:12 INFO  TC_002_LoginTest:17 - **** Starting TC_002_LoginTest  ****
2024-05-10 08:00:13 INFO  TC_002_LoginTest:24 - clicked on myaccount link on the home page..
2024-05-10 08:00:13 INFO  TC_002_LoginTest:26 - clicked on login link under myaccount..
2024-05-10 08:00:13 INFO  TC_002_LoginTest:30 - Entering valid email and password..
2024-05-10 08:00:14 INFO  TC_002_LoginTest:34 - clicked on login button..
2024-05-10 08:00:14 INFO  TC_002_LoginTest:48 - **** Finished TC_002_LoginTest  ****
2024-05-10 09:02:08 INFO  TC_001_AccountRegistrationTest:16 - ***** Starting TC001_AccountRegistrationTest  ****
2024-05-10 09:02:09 INFO  TC_001_AccountRegistrationTest:23 - Clicked on MyAccount Link.. 
2024-05-10 09:02:09 INFO  TC_001_AccountRegistrationTest:25 - Clicked on Register Link.. 
2024-05-10 09:02:10 INFO  TC_001_AccountRegistrationTest:40 - Validating expected message..
2024-05-10 09:02:10 INFO  TC_001_AccountRegistrationTest:44 - Test passed
2024-05-10 09:02:10 INFO  TC_001_AccountRegistrationTest:53 - ***** Finished TC001_AccountRegistrationTest *****
2024-05-10 09:02:16 INFO  TC_002_LoginTest:17 - **** Starting TC_002_LoginTest  ****
2024-05-10 09:02:16 INFO  TC_002_LoginTest:24 - clicked on myaccount link on the home page..
2024-05-10 09:02:16 INFO  TC_002_LoginTest:26 - clicked on login link under myaccount..
2024-05-10 09:02:16 INFO  TC_002_LoginTest:30 - Entering valid email and password..
2024-05-10 09:02:17 INFO  TC_002_LoginTest:34 - clicked on login button..
2024-05-10 09:02:17 INFO  TC_002_LoginTest:48 - **** Finished TC_002_LoginTest  ****
